# JRE version: OpenJDK Runtime Environment Temurin-21.0.10+7 (21.0.10+7) (build 21.0.10+7-LTS)
# Java VM: OpenJDK 64-Bit Server VM Temurin-21.0.10+7 (21.0.10+7-LTS, mixed mode, sharing, tiered, compressed oops, compressed class ptrs, parallel gc, windows-amd64)
GC Precious Log:
 CardTable entry size: 512
 CPUs: 8 total, 8 available
 Memory: 16183M
 Large Page Support: Disabled
 NUMA Support: Disabled
 Compressed Oops: Enabled (32-bit)
 Alignments: Space 512K, Generation 512K, Heap 2M
 Heap Min Capacity: 100M
 Heap Initial Capacity: 100M
 Heap Max Capacity: 2G
 Pre-touch: Disabled
 Parallel Workers: 8
Heap:
 PSYoungGen      total 3072K, used 2462K [0x00000000d5580000, 0x00000000d5d00000, 0x0000000100000000)
  eden space 2048K, 71% used [0x00000000d5580000,0x00000000d56eb9e0,0x00000000d5780000)
  from space 1024K, 98% used [0x00000000d5b80000,0x00000000d5c7c000,0x00000000d5c80000)
  to   space 512K, 0% used [0x00000000d5c80000,0x00000000d5c80000,0x00000000d5d00000)
 ParOldGen       total 535552K, used 535388K [0x0000000080000000, 0x00000000a0b00000, 0x00000000d5580000)
  object space 535552K, 99% used [0x0000000080000000,0x00000000a0ad71d8,0x00000000a0b00000)
 Metaspace       used 69661K, committed 71168K, reserved 1114112K
  class space    used 7475K, committed 8064K, reserved 1048576K
GC Heap History (20 events):
Event: 62.846 GC heap before
{Heap before GC invocations=523 (full 3):
 PSYoungGen      total 10240K, used 10112K [0x00000000d5580000, 0x00000000d6480000, 0x0000000100000000)
  eden space 6144K, 100% used [0x00000000d5580000,0x00000000d5b80000,0x00000000d5b80000)
  from space 4096K, 96% used [0x00000000d5c00000,0x00000000d5fe0000,0x00000000d6000000)
  to   space 4608K, 0% used [0x00000000d6000000,0x00000000d6000000,0x00000000d6480000)
 ParOldGen       total 523264K, used 523196K [0x0000000080000000, 0x000000009ff00000, 0x00000000d5580000)
  object space 523264K, 99% used [0x0000000080000000,0x000000009feef120,0x000000009ff00000)
 Metaspace       used 69412K, committed 70848K, reserved 1114112K
  class space    used 7453K, committed 8064K, reserved 1048576K
}
Event: 62.862 GC heap after
{Heap after GC invocations=523 (full 3):
 PSYoungGen      total 5632K, used 4608K [0x00000000d5580000, 0x00000000d7000000, 0x0000000100000000)
  eden space 1024K, 0% used [0x00000000d5580000,0x00000000d5580000,0x00000000d5680000)
  from space 4608K, 100% used [0x00000000d6000000,0x00000000d6480000,0x00000000d6480000)
  to   space 9728K, 0% used [0x00000000d5680000,0x00000000d5680000,0x00000000d6000000)
 ParOldGen       total 527360K, used 527188K [0x0000000080000000, 0x00000000a0300000, 0x00000000d5580000)
  object space 527360K, 99% used [0x0000000080000000,0x00000000a02d5120,0x00000000a0300000)
 Metaspace       used 69412K, committed 70848K, reserved 1114112K
  class space    used 7453K, committed 8064K, reserved 1048576K
}
Event: 64.173 GC heap before
{Heap before GC invocations=524 (full 3):
 PSYoungGen      total 5632K, used 5631K [0x00000000d5580000, 0x00000000d7000000, 0x0000000100000000)
  eden space 1024K, 99% used [0x00000000d5580000,0x00000000d567fff8,0x00000000d5680000)
  from space 4608K, 100% used [0x00000000d6000000,0x00000000d6480000,0x00000000d6480000)
  to   space 9728K, 0% used [0x00000000d5680000,0x00000000d5680000,0x00000000d6000000)
 ParOldGen       total 527360K, used 527188K [0x0000000080000000, 0x00000000a0300000, 0x00000000d5580000)
  object space 527360K, 99% used [0x0000000080000000,0x00000000a02d5120,0x00000000a0300000)
 Metaspace       used 69421K, committed 70848K, reserved 1114112K
  class space    used 7453K, committed 8064K, reserved 1048576K
}
Event: 64.182 GC heap after
{Heap after GC invocations=524 (full 3):
 PSYoungGen      total 1536K, used 384K [0x00000000d5580000, 0x00000000d6080000, 0x0000000100000000)
  eden space 1024K, 0% used [0x00000000d5580000,0x00000000d5580000,0x00000000d5680000)
  from space 512K, 75% used [0x00000000d5680000,0x00000000d56e0000,0x00000000d5700000)
  to   space 3584K, 0% used [0x00000000d5d00000,0x00000000d5d00000,0x00000000d6080000)
 ParOldGen       total 531968K, used 531812K [0x0000000080000000, 0x00000000a0780000, 0x00000000d5580000)
  object space 531968K, 99% used [0x0000000080000000,0x00000000a0759120,0x00000000a0780000)
 Metaspace       used 69421K, committed 70848K, reserved 1114112K
  class space    used 7453K, committed 8064K, reserved 1048576K
}
Event: 64.221 GC heap before
{Heap before GC invocations=525 (full 3):
 PSYoungGen      total 1536K, used 1346K [0x00000000d5580000, 0x00000000d6080000, 0x0000000100000000)
  eden space 1024K, 93% used [0x00000000d5580000,0x00000000d5670848,0x00000000d5680000)
  from space 512K, 75% used [0x00000000d5680000,0x00000000d56e0000,0x00000000d5700000)
  to   space 3584K, 0% used [0x00000000d5d00000,0x00000000d5d00000,0x00000000d6080000)
 ParOldGen       total 531968K, used 531812K [0x0000000080000000, 0x00000000a0780000, 0x00000000d5580000)
  object space 531968K, 99% used [0x0000000080000000,0x00000000a0759120,0x00000000a0780000)
 Metaspace       used 69421K, committed 70848K, reserved 1114112K
  class space    used 7453K, committed 8064K, reserved 1048576K
}
Event: 64.224 GC heap after
{Heap after GC invocations=525 (full 3):
 PSYoungGen      total 1536K, used 480K [0x00000000d5580000, 0x00000000d5d80000, 0x0000000100000000)
  eden space 1024K, 0% used [0x00000000d5580000,0x00000000d5580000,0x00000000d5680000)
  from space 512K, 93% used [0x00000000d5d00000,0x00000000d5d78030,0x00000000d5d80000)
  to   space 1024K, 0% used [0x00000000d5b80000,0x00000000d5b80000,0x00000000d5c80000)
 ParOldGen       total 532480K, used 532020K [0x0000000080000000, 0x00000000a0800000, 0x00000000d5580000)
  object space 532480K, 99% used [0x0000000080000000,0x00000000a078d130,0x00000000a0800000)
 Metaspace       used 69421K, committed 70848K, reserved 1114112K
  class space    used 7453K, committed 8064K, reserved 1048576K
}
Event: 64.858 GC heap before
{Heap before GC invocations=526 (full 3):
 PSYoungGen      total 1536K, used 1504K [0x00000000d5580000, 0x00000000d5d80000, 0x0000000100000000)
  eden space 1024K, 100% used [0x00000000d5580000,0x00000000d5680000,0x00000000d5680000)
  from space 512K, 93% used [0x00000000d5d00000,0x00000000d5d78030,0x00000000d5d80000)
  to   space 1024K, 0% used [0x00000000d5b80000,0x00000000d5b80000,0x00000000d5c80000)
 ParOldGen       total 532480K, used 532020K [0x0000000080000000, 0x00000000a0800000, 0x00000000d5580000)
  object space 532480K, 99% used [0x0000000080000000,0x00000000a078d130,0x00000000a0800000)
 Metaspace       used 69436K, committed 70912K, reserved 1114112K
  class space    used 7455K, committed 8064K, reserved 1048576K
}
Event: 64.861 GC heap after
{Heap after GC invocations=526 (full 3):
 PSYoungGen      total 2048K, used 231K [0x00000000d5580000, 0x00000000d5d80000, 0x0000000100000000)
  eden space 1024K, 0% used [0x00000000d5580000,0x00000000d5580000,0x00000000d5680000)
  from space 1024K, 22% used [0x00000000d5b80000,0x00000000d5bb9e90,0x00000000d5c80000)
  to   space 512K, 0% used [0x00000000d5d00000,0x00000000d5d00000,0x00000000d5d80000)
 ParOldGen       total 532480K, used 532164K [0x0000000080000000, 0x00000000a0800000, 0x00000000d5580000)
  object space 532480K, 99% used [0x0000000080000000,0x00000000a07b1150,0x00000000a0800000)
 Metaspace       used 69436K, committed 70912K, reserved 1114112K
  class space    used 7455K, committed 8064K, reserved 1048576K
}
Event: 112.452 GC heap before
{Heap before GC invocations=527 (full 3):
 PSYoungGen      total 2048K, used 1249K [0x00000000d5580000, 0x00000000d5d80000, 0x0000000100000000)
  eden space 1024K, 99% used [0x00000000d5580000,0x00000000d567e820,0x00000000d5680000)
  from space 1024K, 22% used [0x00000000d5b80000,0x00000000d5bb9e90,0x00000000d5c80000)
  to   space 512K, 0% used [0x00000000d5d00000,0x00000000d5d00000,0x00000000d5d80000)
 ParOldGen       total 532480K, used 532164K [0x0000000080000000, 0x00000000a0800000, 0x00000000d5580000)
  object space 532480K, 99% used [0x0000000080000000,0x00000000a07b1150,0x00000000a0800000)
 Metaspace       used 69510K, committed 70912K, reserved 1114112K
  class space    used 7463K, committed 8064K, reserved 1048576K
}
Event: 112.456 GC heap after
{Heap after GC invocations=527 (full 3):
 PSYoungGen      total 1536K, used 483K [0x00000000d5580000, 0x00000000d5d80000, 0x0000000100000000)
  eden space 1024K, 0% used [0x00000000d5580000,0x00000000d5580000,0x00000000d5680000)
  from space 512K, 94% used [0x00000000d5d00000,0x00000000d5d78df8,0x00000000d5d80000)
  to   space 1024K, 0% used [0x00000000d5b80000,0x00000000d5b80000,0x00000000d5c80000)
 ParOldGen       total 532480K, used 532277K [0x0000000080000000, 0x00000000a0800000, 0x00000000d5580000)
  object space 532480K, 99% used [0x0000000080000000,0x00000000a07cd440,0x00000000a0800000)
 Metaspace       used 69510K, committed 70912K, reserved 1114112K
  class space    used 7463K, committed 8064K, reserved 1048576K
}
Event: 207.528 GC heap before
{Heap before GC invocations=528 (full 3):
 PSYoungGen      total 1536K, used 1507K [0x00000000d5580000, 0x00000000d5d80000, 0x0000000100000000)
  eden space 1024K, 100% used [0x00000000d5580000,0x00000000d5680000,0x00000000d5680000)
  from space 512K, 94% used [0x00000000d5d00000,0x00000000d5d78df8,0x00000000d5d80000)
  to   space 1024K, 0% used [0x00000000d5b80000,0x00000000d5b80000,0x00000000d5c80000)
 ParOldGen       total 532480K, used 532277K [0x0000000080000000, 0x00000000a0800000, 0x00000000d5580000)
  object space 532480K, 99% used [0x0000000080000000,0x00000000a07cd440,0x00000000a0800000)
 Metaspace       used 69555K, committed 70976K, reserved 1114112K
  class space    used 7470K, committed 8064K, reserved 1048576K
}
Event: 207.533 GC heap after
{Heap after GC invocations=528 (full 3):
 PSYoungGen      total 2048K, used 280K [0x00000000d5580000, 0x00000000d5d80000, 0x0000000100000000)
  eden space 1024K, 0% used [0x00000000d5580000,0x00000000d5580000,0x00000000d5680000)
  from space 1024K, 27% used [0x00000000d5b80000,0x00000000d5bc6000,0x00000000d5c80000)
  to   space 512K, 0% used [0x00000000d5d00000,0x00000000d5d00000,0x00000000d5d80000)
 ParOldGen       total 532992K, used 532596K [0x0000000080000000, 0x00000000a0880000, 0x00000000d5580000)
  object space 532992K, 99% used [0x0000000080000000,0x00000000a081d1c8,0x00000000a0880000)
 Metaspace       used 69555K, committed 70976K, reserved 1114112K
  class space    used 7470K, committed 8064K, reserved 1048576K
}
Event: 207.545 GC heap before
{Heap before GC invocations=529 (full 3):
 PSYoungGen      total 2048K, used 1126K [0x00000000d5580000, 0x00000000d5d80000, 0x0000000100000000)
  eden space 1024K, 82% used [0x00000000d5580000,0x00000000d56539f0,0x00000000d5680000)
  from space 1024K, 27% used [0x00000000d5b80000,0x00000000d5bc6000,0x00000000d5c80000)
  to   space 512K, 0% used [0x00000000d5d00000,0x00000000d5d00000,0x00000000d5d80000)
 ParOldGen       total 532992K, used 532596K [0x0000000080000000, 0x00000000a0880000, 0x00000000d5580000)
  object space 532992K, 99% used [0x0000000080000000,0x00000000a081d1c8,0x00000000a0880000)
 Metaspace       used 69575K, committed 70976K, reserved 1114112K
  class space    used 7473K, committed 8064K, reserved 1048576K
}
Event: 207.550 GC heap after
{Heap after GC invocations=529 (full 3):
 PSYoungGen      total 1536K, used 512K [0x00000000d5580000, 0x00000000d5d80000, 0x0000000100000000)
  eden space 1024K, 0% used [0x00000000d5580000,0x00000000d5580000,0x00000000d5680000)
  from space 512K, 100% used [0x00000000d5d00000,0x00000000d5d80000,0x00000000d5d80000)
  to   space 1024K, 0% used [0x00000000d5b80000,0x00000000d5b80000,0x00000000d5c80000)
 ParOldGen       total 532992K, used 532804K [0x0000000080000000, 0x00000000a0880000, 0x00000000d5580000)
  object space 532992K, 99% used [0x0000000080000000,0x00000000a08511d8,0x00000000a0880000)
 Metaspace       used 69575K, committed 70976K, reserved 1114112K
  class space    used 7473K, committed 8064K, reserved 1048576K
}
Event: 207.565 GC heap before
{Heap before GC invocations=530 (full 3):
 PSYoungGen      total 1536K, used 1536K [0x00000000d5580000, 0x00000000d5d80000, 0x0000000100000000)
  eden space 1024K, 100% used [0x00000000d5580000,0x00000000d5680000,0x00000000d5680000)
  from space 512K, 100% used [0x00000000d5d00000,0x00000000d5d80000,0x00000000d5d80000)
  to   space 1024K, 0% used [0x00000000d5b80000,0x00000000d5b80000,0x00000000d5c80000)
 ParOldGen       total 532992K, used 532804K [0x0000000080000000, 0x00000000a0880000, 0x00000000d5580000)
  object space 532992K, 99% used [0x0000000080000000,0x00000000a08511d8,0x00000000a0880000)
 Metaspace       used 69577K, committed 70976K, reserved 1114112K
  class space    used 7473K, committed 8064K, reserved 1048576K
}
Event: 207.572 GC heap after
{Heap after GC invocations=530 (full 3):
 PSYoungGen      total 2048K, used 896K [0x00000000d5580000, 0x00000000d5d80000, 0x0000000100000000)
  eden space 1024K, 0% used [0x00000000d5580000,0x00000000d5580000,0x00000000d5680000)
  from space 1024K, 87% used [0x00000000d5b80000,0x00000000d5c60000,0x00000000d5c80000)
  to   space 1024K, 0% used [0x00000000d5c80000,0x00000000d5c80000,0x00000000d5d80000)
 ParOldGen       total 533504K, used 533100K [0x0000000080000000, 0x00000000a0900000, 0x00000000d5580000)
  object space 533504K, 99% used [0x0000000080000000,0x00000000a089b1d8,0x00000000a0900000)
 Metaspace       used 69577K, committed 70976K, reserved 1114112K
  class space    used 7473K, committed 8064K, reserved 1048576K
}
Event: 207.581 GC heap before
{Heap before GC invocations=531 (full 3):
 PSYoungGen      total 2048K, used 1919K [0x00000000d5580000, 0x00000000d5d80000, 0x0000000100000000)
  eden space 1024K, 99% used [0x00000000d5580000,0x00000000d567fff0,0x00000000d5680000)
  from space 1024K, 87% used [0x00000000d5b80000,0x00000000d5c60000,0x00000000d5c80000)
  to   space 1024K, 0% used [0x00000000d5c80000,0x00000000d5c80000,0x00000000d5d80000)
 ParOldGen       total 533504K, used 533100K [0x0000000080000000, 0x00000000a0900000, 0x00000000d5580000)
  object space 533504K, 99% used [0x0000000080000000,0x00000000a089b1d8,0x00000000a0900000)
 Metaspace       used 69577K, committed 70976K, reserved 1114112K
  class space    used 7473K, committed 8064K, reserved 1048576K
}
Event: 207.588 GC heap after
{Heap after GC invocations=531 (full 3):
 PSYoungGen      total 2560K, used 672K [0x00000000d5580000, 0x00000000d5d80000, 0x0000000100000000)
  eden space 1536K, 0% used [0x00000000d5580000,0x00000000d5580000,0x00000000d5700000)
  from space 1024K, 65% used [0x00000000d5c80000,0x00000000d5d28000,0x00000000d5d80000)
  to   space 1024K, 0% used [0x00000000d5b80000,0x00000000d5b80000,0x00000000d5c80000)
 ParOldGen       total 534528K, used 534428K [0x0000000080000000, 0x00000000a0a00000, 0x00000000d5580000)
  object space 534528K, 99% used [0x0000000080000000,0x00000000a09e71d8,0x00000000a0a00000)
 Metaspace       used 69577K, committed 70976K, reserved 1114112K
  class space    used 7473K, committed 8064K, reserved 1048576K
}
Event: 207.617 GC heap before
{Heap before GC invocations=532 (full 3):
 PSYoungGen      total 2560K, used 2207K [0x00000000d5580000, 0x00000000d5d80000, 0x0000000100000000)
  eden space 1536K, 99% used [0x00000000d5580000,0x00000000d56fffd8,0x00000000d5700000)
  from space 1024K, 65% used [0x00000000d5c80000,0x00000000d5d28000,0x00000000d5d80000)
  to   space 1024K, 0% used [0x00000000d5b80000,0x00000000d5b80000,0x00000000d5c80000)
 ParOldGen       total 534528K, used 534428K [0x0000000080000000, 0x00000000a0a00000, 0x00000000d5580000)
  object space 534528K, 99% used [0x0000000080000000,0x00000000a09e71d8,0x00000000a0a00000)
 Metaspace       used 69589K, committed 71040K, reserved 1114112K
  class space    used 7473K, committed 8064K, reserved 1048576K
}
Event: 207.621 GC heap after
{Heap after GC invocations=532 (full 3):
 PSYoungGen      total 3072K, used 1008K [0x00000000d5580000, 0x00000000d5d00000, 0x0000000100000000)
  eden space 2048K, 0% used [0x00000000d5580000,0x00000000d5580000,0x00000000d5780000)
  from space 1024K, 98% used [0x00000000d5b80000,0x00000000d5c7c000,0x00000000d5c80000)
  to   space 512K, 0% used [0x00000000d5c80000,0x00000000d5c80000,0x00000000d5d00000)
 ParOldGen       total 535552K, used 535388K [0x0000000080000000, 0x00000000a0b00000, 0x00000000d5580000)
  object space 535552K, 99% used [0x0000000080000000,0x00000000a0ad71d8,0x00000000a0b00000)
 Metaspace       used 69589K, committed 71040K, reserved 1114112K
  class space    used 7473K, committed 8064K, reserved 1048576K
}

