# JRE version: OpenJDK Runtime Environment Temurin-21.0.10+7 (21.0.10+7) (build 21.0.10+7-LTS)
# Java VM: OpenJDK 64-Bit Server VM Temurin-21.0.10+7 (21.0.10+7-LTS, mixed mode, sharing, tiered, compressed oops, compressed class ptrs, parallel gc, windows-amd64)
GC Precious Log:
 CardTable entry size: 512
 CPUs: 8 total, 8 available
 Memory: 16183M
 Large Page Support: Disabled
 NUMA Support: Disabled
 Compressed Oops: Enabled (32-bit)
 Alignments: Space 512K, Generation 512K, Heap 2M
 Heap Min Capacity: 100M
 Heap Initial Capacity: 100M
 Heap Max Capacity: 2G
 Pre-touch: Disabled
 Parallel Workers: 8
Heap:
 PSYoungGen      total 23552K, used 23520K [0x00000000d5580000, 0x00000000d7100000, 0x0000000100000000)
  eden space 22016K, 100% used [0x00000000d5580000,0x00000000d6b00000,0x00000000d6b00000)
  from space 1536K, 97% used [0x00000000d6e00000,0x00000000d6f78030,0x00000000d6f80000)
  to   space 3072K, 0% used [0x00000000d6b00000,0x00000000d6b00000,0x00000000d6e00000)
 ParOldGen       total 68608K, used 19833K [0x0000000080000000, 0x0000000084300000, 0x00000000d5580000)
  object space 68608K, 28% used [0x0000000080000000,0x000000008135e6b0,0x0000000084300000)
 Metaspace       used 37798K, committed 38976K, reserved 1114112K
  class space    used 3976K, committed 4480K, reserved 1048576K
GC Heap History (20 events):
Event: 6.306 GC heap before
{Heap before GC invocations=9 (full 0):
 PSYoungGen      total 28672K, used 7385K [0x00000000d5580000, 0x00000000d7680000, 0x0000000100000000)
  eden space 24064K, 12% used [0x00000000d5580000,0x00000000d587c6a0,0x00000000d6d00000)
  from space 4608K, 93% used [0x00000000d7200000,0x00000000d763a0f0,0x00000000d7680000)
  to   space 4608K, 0% used [0x00000000d6d80000,0x00000000d6d80000,0x00000000d7200000)
 ParOldGen       total 68608K, used 9621K [0x0000000080000000, 0x0000000084300000, 0x00000000d5580000)
  object space 68608K, 14% used [0x0000000080000000,0x00000000809654d0,0x0000000084300000)
 Metaspace       used 21060K, committed 21824K, reserved 1114112K
  class space    used 2224K, committed 2560K, reserved 1048576K
}
Event: 6.310 GC heap after
{Heap after GC invocations=9 (full 0):
 PSYoungGen      total 26624K, used 2165K [0x00000000d5580000, 0x00000000d7300000, 0x0000000100000000)
  eden space 24064K, 0% used [0x00000000d5580000,0x00000000d5580000,0x00000000d6d00000)
  from space 2560K, 84% used [0x00000000d6d80000,0x00000000d6f9d480,0x00000000d7000000)
  to   space 3072K, 0% used [0x00000000d7000000,0x00000000d7000000,0x00000000d7300000)
 ParOldGen       total 68608K, used 12118K [0x0000000080000000, 0x0000000084300000, 0x00000000d5580000)
  object space 68608K, 17% used [0x0000000080000000,0x0000000080bd5918,0x0000000084300000)
 Metaspace       used 21060K, committed 21824K, reserved 1114112K
  class space    used 2224K, committed 2560K, reserved 1048576K
}
Event: 6.310 GC heap before
{Heap before GC invocations=10 (full 1):
 PSYoungGen      total 26624K, used 2165K [0x00000000d5580000, 0x00000000d7300000, 0x0000000100000000)
  eden space 24064K, 0% used [0x00000000d5580000,0x00000000d5580000,0x00000000d6d00000)
  from space 2560K, 84% used [0x00000000d6d80000,0x00000000d6f9d480,0x00000000d7000000)
  to   space 3072K, 0% used [0x00000000d7000000,0x00000000d7000000,0x00000000d7300000)
 ParOldGen       total 68608K, used 12118K [0x0000000080000000, 0x0000000084300000, 0x00000000d5580000)
  object space 68608K, 17% used [0x0000000080000000,0x0000000080bd5918,0x0000000084300000)
 Metaspace       used 21060K, committed 21824K, reserved 1114112K
  class space    used 2224K, committed 2560K, reserved 1048576K
}
Event: 6.361 GC heap after
{Heap after GC invocations=10 (full 1):
 PSYoungGen      total 26624K, used 0K [0x00000000d5580000, 0x00000000d7300000, 0x0000000100000000)
  eden space 24064K, 0% used [0x00000000d5580000,0x00000000d5580000,0x00000000d6d00000)
  from space 2560K, 0% used [0x00000000d6d80000,0x00000000d6d80000,0x00000000d7000000)
  to   space 3072K, 0% used [0x00000000d7000000,0x00000000d7000000,0x00000000d7300000)
 ParOldGen       total 68608K, used 13574K [0x0000000080000000, 0x0000000084300000, 0x00000000d5580000)
  object space 68608K, 19% used [0x0000000080000000,0x0000000080d41b68,0x0000000084300000)
 Metaspace       used 21047K, committed 21824K, reserved 1114112K
  class space    used 2220K, committed 2560K, reserved 1048576K
}
Event: 6.549 GC heap before
{Heap before GC invocations=11 (full 1):
 PSYoungGen      total 26624K, used 24064K [0x00000000d5580000, 0x00000000d7300000, 0x0000000100000000)
  eden space 24064K, 100% used [0x00000000d5580000,0x00000000d6d00000,0x00000000d6d00000)
  from space 2560K, 0% used [0x00000000d6d80000,0x00000000d6d80000,0x00000000d7000000)
  to   space 3072K, 0% used [0x00000000d7000000,0x00000000d7000000,0x00000000d7300000)
 ParOldGen       total 68608K, used 13574K [0x0000000080000000, 0x0000000084300000, 0x00000000d5580000)
  object space 68608K, 19% used [0x0000000080000000,0x0000000080d41b68,0x0000000084300000)
 Metaspace       used 23656K, committed 24448K, reserved 1114112K
  class space    used 2390K, committed 2752K, reserved 1048576K
}
Event: 6.551 GC heap after
{Heap after GC invocations=11 (full 1):
 PSYoungGen      total 24064K, used 349K [0x00000000d5580000, 0x00000000d7080000, 0x0000000100000000)
  eden space 23552K, 0% used [0x00000000d5580000,0x00000000d5580000,0x00000000d6c80000)
  from space 512K, 68% used [0x00000000d7000000,0x00000000d70574c0,0x00000000d7080000)
  to   space 1536K, 0% used [0x00000000d6d80000,0x00000000d6d80000,0x00000000d6f00000)
 ParOldGen       total 68608K, used 13582K [0x0000000080000000, 0x0000000084300000, 0x00000000d5580000)
  object space 68608K, 19% used [0x0000000080000000,0x0000000080d43b68,0x0000000084300000)
 Metaspace       used 23656K, committed 24448K, reserved 1114112K
  class space    used 2390K, committed 2752K, reserved 1048576K
}
Event: 6.799 GC heap before
{Heap before GC invocations=12 (full 1):
 PSYoungGen      total 24064K, used 23901K [0x00000000d5580000, 0x00000000d7080000, 0x0000000100000000)
  eden space 23552K, 100% used [0x00000000d5580000,0x00000000d6c80000,0x00000000d6c80000)
  from space 512K, 68% used [0x00000000d7000000,0x00000000d70574c0,0x00000000d7080000)
  to   space 1536K, 0% used [0x00000000d6d80000,0x00000000d6d80000,0x00000000d6f00000)
 ParOldGen       total 68608K, used 13582K [0x0000000080000000, 0x0000000084300000, 0x00000000d5580000)
  object space 68608K, 19% used [0x0000000080000000,0x0000000080d43b68,0x0000000084300000)
 Metaspace       used 26658K, committed 27520K, reserved 1114112K
  class space    used 2626K, committed 3008K, reserved 1048576K
}
Event: 6.802 GC heap after
{Heap after GC invocations=12 (full 1):
 PSYoungGen      total 24576K, used 1297K [0x00000000d5580000, 0x00000000d7080000, 0x0000000100000000)
  eden space 23040K, 0% used [0x00000000d5580000,0x00000000d5580000,0x00000000d6c00000)
  from space 1536K, 84% used [0x00000000d6d80000,0x00000000d6ec46f8,0x00000000d6f00000)
  to   space 1536K, 0% used [0x00000000d6f00000,0x00000000d6f00000,0x00000000d7080000)
 ParOldGen       total 68608K, used 14492K [0x0000000080000000, 0x0000000084300000, 0x00000000d5580000)
  object space 68608K, 21% used [0x0000000080000000,0x0000000080e27078,0x0000000084300000)
 Metaspace       used 26658K, committed 27520K, reserved 1114112K
  class space    used 2626K, committed 3008K, reserved 1048576K
}
Event: 7.056 GC heap before
{Heap before GC invocations=13 (full 1):
 PSYoungGen      total 24576K, used 24337K [0x00000000d5580000, 0x00000000d7080000, 0x0000000100000000)
  eden space 23040K, 100% used [0x00000000d5580000,0x00000000d6c00000,0x00000000d6c00000)
  from space 1536K, 84% used [0x00000000d6d80000,0x00000000d6ec46f8,0x00000000d6f00000)
  to   space 1536K, 0% used [0x00000000d6f00000,0x00000000d6f00000,0x00000000d7080000)
 ParOldGen       total 68608K, used 14492K [0x0000000080000000, 0x0000000084300000, 0x00000000d5580000)
  object space 68608K, 21% used [0x0000000080000000,0x0000000080e27078,0x0000000084300000)
 Metaspace       used 28543K, committed 29440K, reserved 1114112K
  class space    used 2795K, committed 3200K, reserved 1048576K
}
Event: 7.059 GC heap after
{Heap after GC invocations=13 (full 1):
 PSYoungGen      total 24064K, used 1075K [0x00000000d5580000, 0x00000000d7080000, 0x0000000100000000)
  eden space 22528K, 0% used [0x00000000d5580000,0x00000000d5580000,0x00000000d6b80000)
  from space 1536K, 70% used [0x00000000d6f00000,0x00000000d700ce48,0x00000000d7080000)
  to   space 1536K, 0% used [0x00000000d6d80000,0x00000000d6d80000,0x00000000d6f00000)
 ParOldGen       total 68608K, used 15605K [0x0000000080000000, 0x0000000084300000, 0x00000000d5580000)
  object space 68608K, 22% used [0x0000000080000000,0x0000000080f3d770,0x0000000084300000)
 Metaspace       used 28543K, committed 29440K, reserved 1114112K
  class space    used 2795K, committed 3200K, reserved 1048576K
}
Event: 7.369 GC heap before
{Heap before GC invocations=14 (full 1):
 PSYoungGen      total 24064K, used 23603K [0x00000000d5580000, 0x00000000d7080000, 0x0000000100000000)
  eden space 22528K, 100% used [0x00000000d5580000,0x00000000d6b80000,0x00000000d6b80000)
  from space 1536K, 70% used [0x00000000d6f00000,0x00000000d700ce48,0x00000000d7080000)
  to   space 1536K, 0% used [0x00000000d6d80000,0x00000000d6d80000,0x00000000d6f00000)
 ParOldGen       total 68608K, used 15605K [0x0000000080000000, 0x0000000084300000, 0x00000000d5580000)
  object space 68608K, 22% used [0x0000000080000000,0x0000000080f3d770,0x0000000084300000)
 Metaspace       used 31809K, committed 32960K, reserved 1114112K
  class space    used 3180K, committed 3712K, reserved 1048576K
}
Event: 7.373 GC heap after
{Heap after GC invocations=14 (full 1):
 PSYoungGen      total 23552K, used 1446K [0x00000000d5580000, 0x00000000d6f80000, 0x0000000100000000)
  eden space 22016K, 0% used [0x00000000d5580000,0x00000000d5580000,0x00000000d6b00000)
  from space 1536K, 94% used [0x00000000d6d80000,0x00000000d6ee9970,0x00000000d6f00000)
  to   space 512K, 0% used [0x00000000d6f00000,0x00000000d6f00000,0x00000000d6f80000)
 ParOldGen       total 68608K, used 16545K [0x0000000080000000, 0x0000000084300000, 0x00000000d5580000)
  object space 68608K, 24% used [0x0000000080000000,0x00000000810285f8,0x0000000084300000)
 Metaspace       used 31809K, committed 32960K, reserved 1114112K
  class space    used 3180K, committed 3712K, reserved 1048576K
}
Event: 7.508 GC heap before
{Heap before GC invocations=15 (full 1):
 PSYoungGen      total 23552K, used 23462K [0x00000000d5580000, 0x00000000d6f80000, 0x0000000100000000)
  eden space 22016K, 100% used [0x00000000d5580000,0x00000000d6b00000,0x00000000d6b00000)
  from space 1536K, 94% used [0x00000000d6d80000,0x00000000d6ee9970,0x00000000d6f00000)
  to   space 512K, 0% used [0x00000000d6f00000,0x00000000d6f00000,0x00000000d6f80000)
 ParOldGen       total 68608K, used 16545K [0x0000000080000000, 0x0000000084300000, 0x00000000d5580000)
  object space 68608K, 24% used [0x0000000080000000,0x00000000810285f8,0x0000000084300000)
 Metaspace       used 34613K, committed 35776K, reserved 1114112K
  class space    used 3531K, committed 4032K, reserved 1048576K
}
Event: 7.512 GC heap after
{Heap after GC invocations=15 (full 1):
 PSYoungGen      total 22528K, used 482K [0x00000000d5580000, 0x00000000d7100000, 0x0000000100000000)
  eden space 22016K, 0% used [0x00000000d5580000,0x00000000d5580000,0x00000000d6b00000)
  from space 512K, 94% used [0x00000000d6f00000,0x00000000d6f78b78,0x00000000d6f80000)
  to   space 3072K, 0% used [0x00000000d6b00000,0x00000000d6b00000,0x00000000d6e00000)
 ParOldGen       total 68608K, used 18800K [0x0000000080000000, 0x0000000084300000, 0x00000000d5580000)
  object space 68608K, 27% used [0x0000000080000000,0x000000008125c188,0x0000000084300000)
 Metaspace       used 34613K, committed 35776K, reserved 1114112K
  class space    used 3531K, committed 4032K, reserved 1048576K
}
Event: 7.546 GC heap before
{Heap before GC invocations=16 (full 1):
 PSYoungGen      total 22528K, used 5892K [0x00000000d5580000, 0x00000000d7100000, 0x0000000100000000)
  eden space 22016K, 24% used [0x00000000d5580000,0x00000000d5ac8730,0x00000000d6b00000)
  from space 512K, 94% used [0x00000000d6f00000,0x00000000d6f78b78,0x00000000d6f80000)
  to   space 3072K, 0% used [0x00000000d6b00000,0x00000000d6b00000,0x00000000d6e00000)
 ParOldGen       total 68608K, used 18800K [0x0000000080000000, 0x0000000084300000, 0x00000000d5580000)
  object space 68608K, 27% used [0x0000000080000000,0x000000008125c188,0x0000000084300000)
 Metaspace       used 35230K, committed 36416K, reserved 1114112K
  class space    used 3621K, committed 4160K, reserved 1048576K
}
Event: 7.547 GC heap after
{Heap after GC invocations=16 (full 1):
 PSYoungGen      total 25088K, used 384K [0x00000000d5580000, 0x00000000d6f80000, 0x0000000100000000)
  eden space 22016K, 0% used [0x00000000d5580000,0x00000000d5580000,0x00000000d6b00000)
  from space 3072K, 12% used [0x00000000d6b00000,0x00000000d6b60000,0x00000000d6e00000)
  to   space 1536K, 0% used [0x00000000d6e00000,0x00000000d6e00000,0x00000000d6f80000)
 ParOldGen       total 68608K, used 19269K [0x0000000080000000, 0x0000000084300000, 0x00000000d5580000)
  object space 68608K, 28% used [0x0000000080000000,0x00000000812d15d0,0x0000000084300000)
 Metaspace       used 35230K, committed 36416K, reserved 1114112K
  class space    used 3621K, committed 4160K, reserved 1048576K
}
Event: 7.547 GC heap before
{Heap before GC invocations=17 (full 2):
 PSYoungGen      total 25088K, used 384K [0x00000000d5580000, 0x00000000d6f80000, 0x0000000100000000)
  eden space 22016K, 0% used [0x00000000d5580000,0x00000000d5580000,0x00000000d6b00000)
  from space 3072K, 12% used [0x00000000d6b00000,0x00000000d6b60000,0x00000000d6e00000)
  to   space 1536K, 0% used [0x00000000d6e00000,0x00000000d6e00000,0x00000000d6f80000)
 ParOldGen       total 68608K, used 19269K [0x0000000080000000, 0x0000000084300000, 0x00000000d5580000)
  object space 68608K, 28% used [0x0000000080000000,0x00000000812d15d0,0x0000000084300000)
 Metaspace       used 35230K, committed 36416K, reserved 1114112K
  class space    used 3621K, committed 4160K, reserved 1048576K
}
Event: 7.596 GC heap after
{Heap after GC invocations=17 (full 2):
 PSYoungGen      total 25088K, used 0K [0x00000000d5580000, 0x00000000d6f80000, 0x0000000100000000)
  eden space 22016K, 0% used [0x00000000d5580000,0x00000000d5580000,0x00000000d6b00000)
  from space 3072K, 0% used [0x00000000d6b00000,0x00000000d6b00000,0x00000000d6e00000)
  to   space 1536K, 0% used [0x00000000d6e00000,0x00000000d6e00000,0x00000000d6f80000)
 ParOldGen       total 68608K, used 18841K [0x0000000080000000, 0x0000000084300000, 0x00000000d5580000)
  object space 68608K, 27% used [0x0000000080000000,0x00000000812666b0,0x0000000084300000)
 Metaspace       used 35205K, committed 36416K, reserved 1114112K
  class space    used 3614K, committed 4160K, reserved 1048576K
}
Event: 7.747 GC heap before
{Heap before GC invocations=18 (full 2):
 PSYoungGen      total 25088K, used 22016K [0x00000000d5580000, 0x00000000d6f80000, 0x0000000100000000)
  eden space 22016K, 100% used [0x00000000d5580000,0x00000000d6b00000,0x00000000d6b00000)
  from space 3072K, 0% used [0x00000000d6b00000,0x00000000d6b00000,0x00000000d6e00000)
  to   space 1536K, 0% used [0x00000000d6e00000,0x00000000d6e00000,0x00000000d6f80000)
 ParOldGen       total 68608K, used 18841K [0x0000000080000000, 0x0000000084300000, 0x00000000d5580000)
  object space 68608K, 27% used [0x0000000080000000,0x00000000812666b0,0x0000000084300000)
 Metaspace       used 36742K, committed 37952K, reserved 1114112K
  class space    used 3832K, committed 4352K, reserved 1048576K
}
Event: 7.750 GC heap after
{Heap after GC invocations=18 (full 2):
 PSYoungGen      total 23552K, used 1504K [0x00000000d5580000, 0x00000000d7100000, 0x0000000100000000)
  eden space 22016K, 0% used [0x00000000d5580000,0x00000000d5580000,0x00000000d6b00000)
  from space 1536K, 97% used [0x00000000d6e00000,0x00000000d6f78030,0x00000000d6f80000)
  to   space 3072K, 0% used [0x00000000d6b00000,0x00000000d6b00000,0x00000000d6e00000)
 ParOldGen       total 68608K, used 19833K [0x0000000080000000, 0x0000000084300000, 0x00000000d5580000)
  object space 68608K, 28% used [0x0000000080000000,0x000000008135e6b0,0x0000000084300000)
 Metaspace       used 36742K, committed 37952K, reserved 1114112K
  class space    used 3832K, committed 4352K, reserved 1048576K
}

